CRITICAL - 2024-09-19 10:15:03 --> Undefined variable: page
in APPPATH\Views\v_template.php on line 148.
 1 APPPATH\Views\v_template.php(148): CodeIgniter\Debug\Exceptions->errorHandler(8, 'Undefined variable: page', 'APPPATH\\Views\\v_template.php', 148, [])
 2 SYSTEMPATH\View\View.php(213): include('APPPATH\\Views\\v_template.php')
 3 SYSTEMPATH\View\View.php(216): CodeIgniter\View\View->CodeIgniter\View\{closure}()
 4 SYSTEMPATH\Common.php(1184): CodeIgniter\View\View->render('v_template', [], true)
 5 APPPATH\Controllers\Home.php(9): view('v_template')
 6 SYSTEMPATH\CodeIgniter.php(934): App\Controllers\Home->index()
 7 SYSTEMPATH\CodeIgniter.php(499): CodeIgniter\CodeIgniter->runController(Object(App\Controllers\Home))
 8 SYSTEMPATH\CodeIgniter.php(368): CodeIgniter\CodeIgniter->handleRequest(null, Object(Config\Cache), false)
 9 FCPATH\index.php(67): CodeIgniter\CodeIgniter->run()
CRITICAL - 2024-09-19 10:30:45 --> Invalid file: "v_home.php"
in SYSTEMPATH\Exceptions\FrameworkException.php on line 33.
 1 SYSTEMPATH\View\View.php(201): CodeIgniter\Exceptions\FrameworkException::forInvalidFile('v_home.php')
 2 SYSTEMPATH\Common.php(1184): CodeIgniter\View\View->render('v_home', [], true)
 3 APPPATH\Views\v_template.php(149): view('v_home')
 4 SYSTEMPATH\View\View.php(213): include('APPPATH\\Views\\v_template.php')
 5 SYSTEMPATH\View\View.php(216): CodeIgniter\View\View->CodeIgniter\View\{closure}()
 6 SYSTEMPATH\Common.php(1184): CodeIgniter\View\View->render('v_template', [], true)
 7 APPPATH\Controllers\Home.php(12): view('v_template', [...])
 8 SYSTEMPATH\CodeIgniter.php(934): App\Controllers\Home->index()
 9 SYSTEMPATH\CodeIgniter.php(499): CodeIgniter\CodeIgniter->runController(Object(App\Controllers\Home))
10 SYSTEMPATH\CodeIgniter.php(368): CodeIgniter\CodeIgniter->handleRequest(null, Object(Config\Cache), false)
11 FCPATH\index.php(67): CodeIgniter\CodeIgniter->run()
CRITICAL - 2024-09-19 10:31:07 --> Invalid file: "v_home.php"
in SYSTEMPATH\Exceptions\FrameworkException.php on line 33.
 1 SYSTEMPATH\View\View.php(201): CodeIgniter\Exceptions\FrameworkException::forInvalidFile('v_home.php')
 2 SYSTEMPATH\Common.php(1184): CodeIgniter\View\View->render('v_home', [], true)
 3 APPPATH\Views\v_template.php(149): view('v_home')
 4 SYSTEMPATH\View\View.php(213): include('APPPATH\\Views\\v_template.php')
 5 SYSTEMPATH\View\View.php(216): CodeIgniter\View\View->CodeIgniter\View\{closure}()
 6 SYSTEMPATH\Common.php(1184): CodeIgniter\View\View->render('v_template', [], true)
 7 APPPATH\Controllers\Home.php(12): view('v_template', [...])
 8 SYSTEMPATH\CodeIgniter.php(934): App\Controllers\Home->index()
 9 SYSTEMPATH\CodeIgniter.php(499): CodeIgniter\CodeIgniter->runController(Object(App\Controllers\Home))
10 SYSTEMPATH\CodeIgniter.php(368): CodeIgniter\CodeIgniter->handleRequest(null, Object(Config\Cache), false)
11 FCPATH\index.php(67): CodeIgniter\CodeIgniter->run()
CRITICAL - 2024-09-19 23:30:49 --> Undefined variable: menu
in APPPATH\Views\v_template.php on line 77.
 1 APPPATH\Views\v_template.php(77): CodeIgniter\Debug\Exceptions->errorHandler(8, 'Undefined variable: menu', 'APPPATH\\Views\\v_template.php', 77, [...])
 2 SYSTEMPATH\View\View.php(213): include('APPPATH\\Views\\v_template.php')
 3 SYSTEMPATH\View\View.php(216): CodeIgniter\View\View->CodeIgniter\View\{closure}()
 4 SYSTEMPATH\Common.php(1184): CodeIgniter\View\View->render('v_template', [], true)
 5 APPPATH\Controllers\Produk.php(14): view('v_template', [...])
 6 SYSTEMPATH\CodeIgniter.php(934): App\Controllers\Produk->index()
 7 SYSTEMPATH\CodeIgniter.php(499): CodeIgniter\CodeIgniter->runController(Object(App\Controllers\Produk))
 8 SYSTEMPATH\CodeIgniter.php(368): CodeIgniter\CodeIgniter->handleRequest(null, Object(Config\Cache), false)
 9 FCPATH\index.php(67): CodeIgniter\CodeIgniter->run()
CRITICAL - 2024-09-19 23:31:25 --> Undefined variable: menu
in APPPATH\Views\v_template.php on line 77.
 1 APPPATH\Views\v_template.php(77): CodeIgniter\Debug\Exceptions->errorHandler(8, 'Undefined variable: menu', 'APPPATH\\Views\\v_template.php', 77, [...])
 2 SYSTEMPATH\View\View.php(213): include('APPPATH\\Views\\v_template.php')
 3 SYSTEMPATH\View\View.php(216): CodeIgniter\View\View->CodeIgniter\View\{closure}()
 4 SYSTEMPATH\Common.php(1184): CodeIgniter\View\View->render('v_template', [], true)
 5 APPPATH\Controllers\Produk.php(14): view('v_template', [...])
 6 SYSTEMPATH\CodeIgniter.php(934): App\Controllers\Produk->index()
 7 SYSTEMPATH\CodeIgniter.php(499): CodeIgniter\CodeIgniter->runController(Object(App\Controllers\Produk))
 8 SYSTEMPATH\CodeIgniter.php(368): CodeIgniter\CodeIgniter->handleRequest(null, Object(Config\Cache), false)
 9 FCPATH\index.php(67): CodeIgniter\CodeIgniter->run()
