INFO - 2024-10-01 01:47:49 --> Session: Class initialized using 'CodeIgniter\Session\Handlers\FileHandler' driver.
INFO - 2024-10-01 01:47:49 --> Cart Class Initialized
INFO - 2024-10-01 01:48:18 --> Session: Class initialized using 'CodeIgniter\Session\Handlers\FileHandler' driver.
INFO - 2024-10-01 01:48:18 --> Cart Class Initialized
INFO - 2024-10-01 01:48:21 --> Session: Class initialized using 'CodeIgniter\Session\Handlers\FileHandler' driver.
INFO - 2024-10-01 01:48:21 --> Cart Class Initialized
INFO - 2024-10-01 01:51:03 --> Session: Class initialized using 'CodeIgniter\Session\Handlers\FileHandler' driver.
INFO - 2024-10-01 01:51:03 --> Cart Class Initialized
INFO - 2024-10-01 01:51:07 --> Session: Class initialized using 'CodeIgniter\Session\Handlers\FileHandler' driver.
INFO - 2024-10-01 01:51:07 --> Cart Class Initialized
INFO - 2024-10-01 01:56:10 --> Session: Class initialized using 'CodeIgniter\Session\Handlers\FileHandler' driver.
INFO - 2024-10-01 01:56:10 --> Cart Class Initialized
INFO - 2024-10-01 01:56:29 --> Session: Class initialized using 'CodeIgniter\Session\Handlers\FileHandler' driver.
INFO - 2024-10-01 01:56:29 --> Cart Class Initialized
INFO - 2024-10-01 01:56:33 --> Session: Class initialized using 'CodeIgniter\Session\Handlers\FileHandler' driver.
INFO - 2024-10-01 01:56:33 --> Cart Class Initialized
INFO - 2024-10-01 01:56:52 --> Session: Class initialized using 'CodeIgniter\Session\Handlers\FileHandler' driver.
INFO - 2024-10-01 01:56:52 --> Cart Class Initialized
INFO - 2024-10-01 01:56:55 --> Session: Class initialized using 'CodeIgniter\Session\Handlers\FileHandler' driver.
INFO - 2024-10-01 01:56:55 --> Cart Class Initialized
INFO - 2024-10-01 01:56:57 --> Session: Class initialized using 'CodeIgniter\Session\Handlers\FileHandler' driver.
INFO - 2024-10-01 01:56:57 --> Cart Class Initialized
INFO - 2024-10-01 01:56:59 --> Session: Class initialized using 'CodeIgniter\Session\Handlers\FileHandler' driver.
INFO - 2024-10-01 01:56:59 --> Cart Class Initialized
INFO - 2024-10-01 01:57:34 --> Session: Class initialized using 'CodeIgniter\Session\Handlers\FileHandler' driver.
INFO - 2024-10-01 01:57:34 --> Cart Class Initialized
INFO - 2024-10-01 02:09:32 --> Session: Class initialized using 'CodeIgniter\Session\Handlers\FileHandler' driver.
INFO - 2024-10-01 02:09:32 --> Cart Class Initialized
INFO - 2024-10-01 02:09:35 --> Session: Class initialized using 'CodeIgniter\Session\Handlers\FileHandler' driver.
INFO - 2024-10-01 02:09:35 --> Cart Class Initialized
INFO - 2024-10-01 02:10:18 --> Session: Class initialized using 'CodeIgniter\Session\Handlers\FileHandler' driver.
INFO - 2024-10-01 02:10:18 --> Cart Class Initialized
INFO - 2024-10-01 02:10:59 --> Session: Class initialized using 'CodeIgniter\Session\Handlers\FileHandler' driver.
INFO - 2024-10-01 02:10:59 --> Cart Class Initialized
INFO - 2024-10-01 02:11:05 --> Session: Class initialized using 'CodeIgniter\Session\Handlers\FileHandler' driver.
INFO - 2024-10-01 02:11:05 --> Cart Class Initialized
CRITICAL - 2024-10-01 02:11:05 --> Undefined index: nama_kategori
in APPPATH\Views\v_store.php on line 64.
 1 APPPATH\Views\v_store.php(64): CodeIgniter\Debug\Exceptions->errorHandler(8, 'Undefined index: nama_kategori', 'APPPATH\\Views\\v_store.php', 64, [...])
 2 SYSTEMPATH\View\View.php(213): include('APPPATH\\Views\\v_store.php')
 3 SYSTEMPATH\View\View.php(216): CodeIgniter\View\View->CodeIgniter\View\{closure}()
 4 SYSTEMPATH\Common.php(1184): CodeIgniter\View\View->render('v_store', [], true)
 5 APPPATH\Views\layout\v_content.php(4): view('v_store')
 6 APPPATH\Views\layout\v_wrapper_frontend.php(7): require_once('APPPATH\\Views\\layout\\v_content.php')
 7 SYSTEMPATH\View\View.php(213): include('APPPATH\\Views\\layout\\v_wrapper_frontend.php')
 8 SYSTEMPATH\View\View.php(216): CodeIgniter\View\View->CodeIgniter\View\{closure}()
 9 SYSTEMPATH\Common.php(1184): CodeIgniter\View\View->render('layout/v_wrapper_frontend', [], true)
10 APPPATH\Controllers\Store.php(45): view('layout/v_wrapper_frontend', [...])
11 SYSTEMPATH\CodeIgniter.php(934): App\Controllers\Store->index()
12 SYSTEMPATH\CodeIgniter.php(499): CodeIgniter\CodeIgniter->runController(Object(App\Controllers\Store))
13 SYSTEMPATH\CodeIgniter.php(368): CodeIgniter\CodeIgniter->handleRequest(null, Object(Config\Cache), false)
14 FCPATH\index.php(67): CodeIgniter\CodeIgniter->run()
INFO - 2024-10-01 02:13:34 --> Session: Class initialized using 'CodeIgniter\Session\Handlers\FileHandler' driver.
INFO - 2024-10-01 02:13:34 --> Cart Class Initialized
INFO - 2024-10-01 02:13:44 --> Session: Class initialized using 'CodeIgniter\Session\Handlers\FileHandler' driver.
INFO - 2024-10-01 02:13:44 --> Cart Class Initialized
INFO - 2024-10-01 02:13:55 --> Session: Class initialized using 'CodeIgniter\Session\Handlers\FileHandler' driver.
INFO - 2024-10-01 02:13:55 --> Cart Class Initialized
INFO - 2024-10-01 02:14:06 --> Session: Class initialized using 'CodeIgniter\Session\Handlers\FileHandler' driver.
INFO - 2024-10-01 02:14:06 --> Cart Class Initialized
INFO - 2024-10-01 02:14:18 --> Session: Class initialized using 'CodeIgniter\Session\Handlers\FileHandler' driver.
INFO - 2024-10-01 02:14:18 --> Cart Class Initialized
INFO - 2024-10-01 02:14:21 --> Session: Class initialized using 'CodeIgniter\Session\Handlers\FileHandler' driver.
INFO - 2024-10-01 02:14:21 --> Cart Class Initialized
INFO - 2024-10-01 02:14:24 --> Session: Class initialized using 'CodeIgniter\Session\Handlers\FileHandler' driver.
INFO - 2024-10-01 02:14:24 --> Cart Class Initialized
INFO - 2024-10-01 02:14:40 --> Session: Class initialized using 'CodeIgniter\Session\Handlers\FileHandler' driver.
INFO - 2024-10-01 02:14:40 --> Cart Class Initialized
INFO - 2024-10-01 02:14:51 --> Session: Class initialized using 'CodeIgniter\Session\Handlers\FileHandler' driver.
INFO - 2024-10-01 02:14:51 --> Cart Class Initialized
INFO - 2024-10-01 02:14:52 --> Session: Class initialized using 'CodeIgniter\Session\Handlers\FileHandler' driver.
INFO - 2024-10-01 02:14:52 --> Cart Class Initialized
INFO - 2024-10-01 02:14:57 --> Session: Class initialized using 'CodeIgniter\Session\Handlers\FileHandler' driver.
INFO - 2024-10-01 02:14:57 --> Cart Class Initialized
INFO - 2024-10-01 02:15:11 --> Session: Class initialized using 'CodeIgniter\Session\Handlers\FileHandler' driver.
INFO - 2024-10-01 02:15:11 --> Cart Class Initialized
INFO - 2024-10-01 02:15:14 --> Session: Class initialized using 'CodeIgniter\Session\Handlers\FileHandler' driver.
INFO - 2024-10-01 02:15:14 --> Cart Class Initialized
INFO - 2024-10-01 02:15:14 --> Session: Class initialized using 'CodeIgniter\Session\Handlers\FileHandler' driver.
INFO - 2024-10-01 02:15:14 --> Cart Class Initialized
INFO - 2024-10-01 02:15:28 --> Session: Class initialized using 'CodeIgniter\Session\Handlers\FileHandler' driver.
INFO - 2024-10-01 02:15:28 --> Cart Class Initialized
INFO - 2024-10-01 02:15:35 --> Session: Class initialized using 'CodeIgniter\Session\Handlers\FileHandler' driver.
INFO - 2024-10-01 02:15:35 --> Cart Class Initialized
INFO - 2024-10-01 02:20:03 --> Session: Class initialized using 'CodeIgniter\Session\Handlers\FileHandler' driver.
INFO - 2024-10-01 02:20:03 --> Cart Class Initialized
INFO - 2024-10-01 02:20:12 --> Session: Class initialized using 'CodeIgniter\Session\Handlers\FileHandler' driver.
INFO - 2024-10-01 02:20:12 --> Cart Class Initialized
INFO - 2024-10-01 02:20:27 --> Session: Class initialized using 'CodeIgniter\Session\Handlers\FileHandler' driver.
INFO - 2024-10-01 02:20:27 --> Cart Class Initialized
INFO - 2024-10-01 02:20:30 --> Session: Class initialized using 'CodeIgniter\Session\Handlers\FileHandler' driver.
INFO - 2024-10-01 02:20:30 --> Cart Class Initialized
INFO - 2024-10-01 02:20:36 --> Session: Class initialized using 'CodeIgniter\Session\Handlers\FileHandler' driver.
INFO - 2024-10-01 02:20:36 --> Cart Class Initialized
INFO - 2024-10-01 02:20:46 --> Session: Class initialized using 'CodeIgniter\Session\Handlers\FileHandler' driver.
INFO - 2024-10-01 02:20:46 --> Cart Class Initialized
INFO - 2024-10-01 02:20:52 --> Session: Class initialized using 'CodeIgniter\Session\Handlers\FileHandler' driver.
INFO - 2024-10-01 02:20:52 --> Cart Class Initialized
INFO - 2024-10-01 02:20:56 --> Session: Class initialized using 'CodeIgniter\Session\Handlers\FileHandler' driver.
INFO - 2024-10-01 02:20:56 --> Cart Class Initialized
INFO - 2024-10-01 02:21:22 --> Session: Class initialized using 'CodeIgniter\Session\Handlers\FileHandler' driver.
INFO - 2024-10-01 02:21:22 --> Cart Class Initialized
INFO - 2024-10-01 02:21:36 --> Session: Class initialized using 'CodeIgniter\Session\Handlers\FileHandler' driver.
INFO - 2024-10-01 02:21:36 --> Cart Class Initialized
INFO - 2024-10-01 02:21:43 --> Session: Class initialized using 'CodeIgniter\Session\Handlers\FileHandler' driver.
INFO - 2024-10-01 02:21:43 --> Cart Class Initialized
INFO - 2024-10-01 02:21:45 --> Session: Class initialized using 'CodeIgniter\Session\Handlers\FileHandler' driver.
INFO - 2024-10-01 02:21:45 --> Cart Class Initialized
INFO - 2024-10-01 02:21:45 --> Session: Class initialized using 'CodeIgniter\Session\Handlers\FileHandler' driver.
INFO - 2024-10-01 02:21:45 --> Cart Class Initialized
INFO - 2024-10-01 02:21:46 --> Session: Class initialized using 'CodeIgniter\Session\Handlers\FileHandler' driver.
INFO - 2024-10-01 02:21:46 --> Cart Class Initialized
INFO - 2024-10-01 02:21:51 --> Session: Class initialized using 'CodeIgniter\Session\Handlers\FileHandler' driver.
INFO - 2024-10-01 02:21:51 --> Cart Class Initialized
INFO - 2024-10-01 02:21:53 --> Session: Class initialized using 'CodeIgniter\Session\Handlers\FileHandler' driver.
INFO - 2024-10-01 02:21:53 --> Cart Class Initialized
INFO - 2024-10-01 02:21:54 --> Session: Class initialized using 'CodeIgniter\Session\Handlers\FileHandler' driver.
INFO - 2024-10-01 02:21:54 --> Cart Class Initialized
INFO - 2024-10-01 02:22:00 --> Session: Class initialized using 'CodeIgniter\Session\Handlers\FileHandler' driver.
INFO - 2024-10-01 02:22:00 --> Cart Class Initialized
INFO - 2024-10-01 02:22:03 --> Session: Class initialized using 'CodeIgniter\Session\Handlers\FileHandler' driver.
INFO - 2024-10-01 02:22:03 --> Cart Class Initialized
INFO - 2024-10-01 02:22:03 --> Session: Class initialized using 'CodeIgniter\Session\Handlers\FileHandler' driver.
INFO - 2024-10-01 02:22:03 --> Cart Class Initialized
INFO - 2024-10-01 02:22:09 --> Session: Class initialized using 'CodeIgniter\Session\Handlers\FileHandler' driver.
INFO - 2024-10-01 02:22:09 --> Cart Class Initialized
INFO - 2024-10-01 02:22:16 --> Session: Class initialized using 'CodeIgniter\Session\Handlers\FileHandler' driver.
INFO - 2024-10-01 02:22:16 --> Cart Class Initialized
INFO - 2024-10-01 02:22:27 --> Session: Class initialized using 'CodeIgniter\Session\Handlers\FileHandler' driver.
INFO - 2024-10-01 02:22:27 --> Cart Class Initialized
INFO - 2024-10-01 02:22:31 --> Session: Class initialized using 'CodeIgniter\Session\Handlers\FileHandler' driver.
INFO - 2024-10-01 02:22:31 --> Cart Class Initialized
INFO - 2024-10-01 02:22:39 --> Session: Class initialized using 'CodeIgniter\Session\Handlers\FileHandler' driver.
INFO - 2024-10-01 02:22:39 --> Cart Class Initialized
INFO - 2024-10-01 02:22:43 --> Session: Class initialized using 'CodeIgniter\Session\Handlers\FileHandler' driver.
INFO - 2024-10-01 02:22:43 --> Cart Class Initialized
INFO - 2024-10-01 02:22:47 --> Session: Class initialized using 'CodeIgniter\Session\Handlers\FileHandler' driver.
INFO - 2024-10-01 02:22:47 --> Cart Class Initialized
INFO - 2024-10-01 02:22:48 --> Session: Class initialized using 'CodeIgniter\Session\Handlers\FileHandler' driver.
INFO - 2024-10-01 02:22:48 --> Cart Class Initialized
INFO - 2024-10-01 02:22:48 --> Session: Class initialized using 'CodeIgniter\Session\Handlers\FileHandler' driver.
INFO - 2024-10-01 02:22:48 --> Cart Class Initialized
INFO - 2024-10-01 02:22:49 --> Session: Class initialized using 'CodeIgniter\Session\Handlers\FileHandler' driver.
INFO - 2024-10-01 02:22:49 --> Cart Class Initialized
INFO - 2024-10-01 02:24:51 --> Session: Class initialized using 'CodeIgniter\Session\Handlers\FileHandler' driver.
INFO - 2024-10-01 02:24:51 --> Cart Class Initialized
INFO - 2024-10-01 02:24:57 --> Session: Class initialized using 'CodeIgniter\Session\Handlers\FileHandler' driver.
INFO - 2024-10-01 02:24:57 --> Cart Class Initialized
INFO - 2024-10-01 02:25:32 --> Session: Class initialized using 'CodeIgniter\Session\Handlers\FileHandler' driver.
INFO - 2024-10-01 02:25:32 --> Cart Class Initialized
INFO - 2024-10-01 02:25:55 --> Session: Class initialized using 'CodeIgniter\Session\Handlers\FileHandler' driver.
INFO - 2024-10-01 02:25:55 --> Cart Class Initialized
INFO - 2024-10-01 02:26:00 --> Session: Class initialized using 'CodeIgniter\Session\Handlers\FileHandler' driver.
INFO - 2024-10-01 02:26:00 --> Cart Class Initialized
INFO - 2024-10-01 02:26:11 --> Session: Class initialized using 'CodeIgniter\Session\Handlers\FileHandler' driver.
INFO - 2024-10-01 02:26:11 --> Cart Class Initialized
INFO - 2024-10-01 02:26:26 --> Session: Class initialized using 'CodeIgniter\Session\Handlers\FileHandler' driver.
INFO - 2024-10-01 02:26:26 --> Cart Class Initialized
INFO - 2024-10-01 02:26:48 --> Session: Class initialized using 'CodeIgniter\Session\Handlers\FileHandler' driver.
INFO - 2024-10-01 02:26:48 --> Cart Class Initialized
INFO - 2024-10-01 02:27:02 --> Session: Class initialized using 'CodeIgniter\Session\Handlers\FileHandler' driver.
INFO - 2024-10-01 02:27:02 --> Cart Class Initialized
INFO - 2024-10-01 02:27:08 --> Session: Class initialized using 'CodeIgniter\Session\Handlers\FileHandler' driver.
INFO - 2024-10-01 02:27:08 --> Cart Class Initialized
INFO - 2024-10-01 02:27:13 --> Session: Class initialized using 'CodeIgniter\Session\Handlers\FileHandler' driver.
INFO - 2024-10-01 02:27:13 --> Cart Class Initialized
INFO - 2024-10-01 02:27:17 --> Session: Class initialized using 'CodeIgniter\Session\Handlers\FileHandler' driver.
INFO - 2024-10-01 02:27:17 --> Cart Class Initialized
INFO - 2024-10-01 02:27:59 --> Session: Class initialized using 'CodeIgniter\Session\Handlers\FileHandler' driver.
INFO - 2024-10-01 02:27:59 --> Cart Class Initialized
INFO - 2024-10-01 02:28:16 --> Session: Class initialized using 'CodeIgniter\Session\Handlers\FileHandler' driver.
INFO - 2024-10-01 02:28:16 --> Cart Class Initialized
INFO - 2024-10-01 02:28:21 --> Session: Class initialized using 'CodeIgniter\Session\Handlers\FileHandler' driver.
INFO - 2024-10-01 02:28:21 --> Cart Class Initialized
INFO - 2024-10-01 02:28:28 --> Session: Class initialized using 'CodeIgniter\Session\Handlers\FileHandler' driver.
INFO - 2024-10-01 02:28:28 --> Session: Class initialized using 'CodeIgniter\Session\Handlers\FileHandler' driver.
INFO - 2024-10-01 02:28:33 --> Session: Class initialized using 'CodeIgniter\Session\Handlers\FileHandler' driver.
INFO - 2024-10-01 02:28:33 --> Session: Class initialized using 'CodeIgniter\Session\Handlers\FileHandler' driver.
INFO - 2024-10-01 02:28:36 --> Session: Class initialized using 'CodeIgniter\Session\Handlers\FileHandler' driver.
INFO - 2024-10-01 02:28:37 --> Session: Class initialized using 'CodeIgniter\Session\Handlers\FileHandler' driver.
INFO - 2024-10-01 02:28:41 --> Session: Class initialized using 'CodeIgniter\Session\Handlers\FileHandler' driver.
INFO - 2024-10-01 02:28:43 --> Session: Class initialized using 'CodeIgniter\Session\Handlers\FileHandler' driver.
INFO - 2024-10-01 02:28:44 --> Session: Class initialized using 'CodeIgniter\Session\Handlers\FileHandler' driver.
INFO - 2024-10-01 02:28:48 --> Session: Class initialized using 'CodeIgniter\Session\Handlers\FileHandler' driver.
INFO - 2024-10-01 02:28:49 --> Session: Class initialized using 'CodeIgniter\Session\Handlers\FileHandler' driver.
